[ERROR] 2020-02-07 13:42:54 Query error: Table 'gyakorikerdesek.photos' doesn't exist
[ERROR] 2020-02-07 13:44:59 Query error: Table 'gyakorikerdesek.photos' doesn't exist
[ERROR]  Query error: Table 'gyakorikerdesek.photos' doesn't exist
[ERROR] 2020-02-07 13:50:47 Query error: Table 'gyakorikerdesek.photos' doesn't exist
[Error] 2020-02-10 21:14:08Failed to connect to MySQL:Unknown database 'gyakorikerdesek'
[Error] 2020-02-11 07:21:40Failed to connect to MySQL:Unknown database 'gyakorikerdesek'
[ERROR] 2020-02-11 12:45:09Query error: Table 'gyakorikerdesek.photos' doesn't exist
[ERROR] 2020-02-21 18:14:00Query error: 
[ERROR] 2020-02-21 18:49:42Query error: 
[ERROR] 2020-02-21 19:01:28Query error: 
[ERROR] 2020-02-21 19:01:52Query error: 
[ERROR] 2020-02-21 19:01:52Query error: 
[ERROR] 2020-02-22 19:42:00Query error: Table 'gyakorikerdesek.photos' doesn't exist
[ERROR] 2020-02-22 19:43:20Query error: Table 'gyakorikerdesek.photos' doesn't exist
[ERROR] 2020-02-22 19:43:37Query error: Table 'gyakorikerdesek.photos' doesn't exist
[ERROR] 2020-02-22 19:48:37Query error: Table 'gyakorikerdesek.photos' doesn't exist
[ERROR] 2020-02-22 19:48:37Query error: Table 'gyakorikerdesek.photos' doesn't exist
[ERROR] 2020-02-22 19:48:38Query error: Table 'gyakorikerdesek.photos' doesn't exist
[ERROR] 2020-02-22 19:48:38Query error: Table 'gyakorikerdesek.photos' doesn't exist
[ERROR] 2020-02-22 19:51:12Query error: Table 'gyakorikerdesek.photos' doesn't exist
[ERROR] 2020-02-22 19:51:13Query error: Table 'gyakorikerdesek.photos' doesn't exist
[ERROR] 2020-02-22 19:51:13Query error: Table 'gyakorikerdesek.photos' doesn't exist
[ERROR] 2020-02-22 19:51:13Query error: Table 'gyakorikerdesek.photos' doesn't exist
[ERROR] 2020-02-22 19:54:36Query error: Table 'gyakorikerdesek.photos' doesn't exist
[ERROR] 2020-02-22 19:54:43Query error: Table 'gyakorikerdesek.photos' doesn't exist
[ERROR] 2020-02-22 19:55:49Query error: Table 'gyakorikerdesek.kerdesesk' doesn't exist
[ERROR] 2020-02-22 19:55:50Query error: Table 'gyakorikerdesek.kerdesesk' doesn't exist
[ERROR] 2020-02-22 19:55:50Query error: Table 'gyakorikerdesek.kerdesesk' doesn't exist
[ERROR] 2020-02-22 19:55:52Query error: Table 'gyakorikerdesek.kerdesesk' doesn't exist
[ERROR] 2020-02-22 19:56:15Query error: Table 'gyakorikerdesek.kerdesesk' doesn't exist
[ERROR] 2020-02-22 19:56:28Query error: Table 'gyakorikerdesek.kerdesesk' doesn't exist
[ERROR] 2020-02-22 19:56:42Query error: Table 'gyakorikerdesek.kerdesesk' doesn't exist
[ERROR] 2020-02-22 19:59:58Query error: Table 'gyakorikerdesek.kerdesesk' doesn't exist
[ERROR] 2020-02-22 19:59:58Query error: Table 'gyakorikerdesek.kerdesesk' doesn't exist
[ERROR] 2020-02-22 20:00:40Query error: Table 'gyakorikerdesek.kerdesesk' doesn't exist
[ERROR] 2020-03-09 14:17:14Query error: 
[ERROR] 2020-03-09 13:17:14Query error: 
[ERROR] 2020-03-09 14:17:53Query error: 
[ERROR] 2020-03-09 13:17:53Query error: 
[ERROR] 2020-03-09 14:17:54Query error: 
[ERROR] 2020-03-09 13:17:54Query error: 
[ERROR] 2020-03-09 14:17:54Query error: 
[ERROR] 2020-03-09 13:17:54Query error: 
[ERROR] 2020-03-09 14:17:54Query error: 
[ERROR] 2020-03-09 13:17:55Query error: 
[ERROR] 2020-03-09 14:17:55Query error: 
[ERROR] 2020-03-09 13:17:55Query error: 
[ERROR] 2020-03-09 14:17:55Query error: 
[ERROR] 2020-03-09 13:17:55Query error: 
[ERROR] 2020-03-09 14:17:55Query error: 
[ERROR] 2020-03-09 13:17:55Query error: 
[ERROR] 2020-03-09 14:17:55Query error: 
[ERROR] 2020-03-09 13:17:55Query error: 
[ERROR] 2020-03-09 14:17:55Query error: 
[ERROR] 2020-03-09 13:17:56Query error: 
[ERROR] 2020-03-09 14:17:56Query error: 
[ERROR] 2020-03-09 13:17:56Query error: 
[ERROR] 2020-03-09 14:17:56Query error: 
[ERROR] 2020-03-09 13:17:56Query error: 
[ERROR] 2020-03-09 14:17:56Query error: 
[ERROR] 2020-03-09 13:17:56Query error: 
[ERROR] 2020-03-09 14:17:56Query error: 
[ERROR] 2020-03-09 13:17:56Query error: 
[ERROR] 2020-03-09 14:21:02Query error: 
[ERROR] 2020-03-09 13:21:02Query error: 
[ERROR] 2020-03-10 18:50:17Query error: You have an error in your SQL syntax; check the manual that corresponds to your MySQL server version for the right syntax to use near '= ?s' at line 1
[ERROR] 2020-03-11 17:07:47Query error: 
[ERROR] 2020-03-11 17:09:43Query error: 
[Error] 2020-03-12 07:43:36Failed to connect to MySQL:Nem hozható létre kapcsolat, mert a célszámítógép már visszautasította a kapcsolatot.

[Error] 2020-03-12 07:43:41Failed to connect to MySQL:Nem hozható létre kapcsolat, mert a célszámítógép már visszautasította a kapcsolatot.

